Environment activated
/home/tsw96d/.conda/envs/YOLO/bin/python
Python 3.11.10
CUDA available: True
CUDA device count: 2
CUDA current device: 0
CUDA device name: Tesla V100-SXM2-32GB
WARNING ⚠️ no model scale passed. Assuming scale='n'.
c2: [32, 64, 96, 128]
c2: [32, 64, 96, 128]
m_.i: 4, m_.f: -1, m_.type: MobileNetV4ConvSmall
m_.i: 5, m_.f: -1, m_.type: ultralytics.nn.modules.block.SPPF
m_.i: 6, m_.f: -1, m_.type: ultralytics.nn.modules.block.PSA
m_.i: 7, m_.f: -1, m_.type: torch.nn.modules.upsampling.Upsample
m_.i: 8, m_.f: [-1, 3], m_.type: ultralytics.nn.modules.conv.Concat
m_.i: 9, m_.f: -1, m_.type: ultralytics.nn.modules.block.C2f
m_.i: 10, m_.f: -1, m_.type: torch.nn.modules.upsampling.Upsample
m_.i: 11, m_.f: [-1, 2], m_.type: ultralytics.nn.modules.conv.Concat
m_.i: 12, m_.f: -1, m_.type: ultralytics.nn.modules.block.C2f
m_.i: 13, m_.f: -1, m_.type: ultralytics.nn.modules.conv.Conv
m_.i: 14, m_.f: [-1, 9], m_.type: ultralytics.nn.modules.conv.Concat
m_.i: 15, m_.f: -1, m_.type: ultralytics.nn.modules.block.C2f
m_.i: 16, m_.f: -1, m_.type: ultralytics.nn.modules.block.SCDown
m_.i: 17, m_.f: [-1, 6], m_.type: ultralytics.nn.modules.conv.Concat
m_.i: 18, m_.f: -1, m_.type: ultralytics.nn.modules.block.C2fCIB
f: [12, 15, 18], ch: [0, 32, 64, 96, 128, 256, 256, 256, 352, 128, 128, 192, 64, 64, 192, 128, 128, 384, 256]
m_.i: 19, m_.f: [12, 15, 18], m_.type: ultralytics.nn.modules.head.Detect
