Environment activated
/home/tsw96d/.conda/envs/YOLO/bin/python
Python 3.11.10
CUDA available: True
CUDA device count: 2
CUDA current device: 0
CUDA device name: Tesla V100-SXM2-32GB
WARNING ⚠️ no model scale passed. Assuming scale='n'.
m_.i: 0, m_.f: -1, m_.type: ultralytics.nn.modules.conv.Conv
m_.i: 1, m_.f: -1, m_.type: ultralytics.nn.modules.conv.Conv
m_.i: 2, m_.f: -1, m_.type: ultralytics.nn.modules.block.C3k2
m_.i: 3, m_.f: -1, m_.type: ultralytics.nn.modules.conv.Conv
m_.i: 4, m_.f: -1, m_.type: ultralytics.nn.modules.block.C3k2
m_.i: 5, m_.f: -1, m_.type: ultralytics.nn.modules.conv.Conv
m_.i: 6, m_.f: -1, m_.type: ultralytics.nn.modules.block.C3k2
m_.i: 7, m_.f: -1, m_.type: ultralytics.nn.modules.conv.Conv
m_.i: 8, m_.f: -1, m_.type: ultralytics.nn.modules.block.C3k2
m_.i: 9, m_.f: -1, m_.type: ultralytics.nn.modules.block.SPPF
m_.i: 10, m_.f: -1, m_.type: ultralytics.nn.modules.block.C2PSA
m_.i: 11, m_.f: -1, m_.type: torch.nn.modules.upsampling.Upsample
m_.i: 12, m_.f: [-1, 6], m_.type: ultralytics.nn.modules.conv.Concat
m_.i: 13, m_.f: -1, m_.type: ultralytics.nn.modules.block.C3k2
m_.i: 14, m_.f: -1, m_.type: torch.nn.modules.upsampling.Upsample
m_.i: 15, m_.f: [-1, 4], m_.type: ultralytics.nn.modules.conv.Concat
m_.i: 16, m_.f: -1, m_.type: ultralytics.nn.modules.block.C3k2
m_.i: 17, m_.f: -1, m_.type: ultralytics.nn.modules.conv.Conv
m_.i: 18, m_.f: [-1, 13], m_.type: ultralytics.nn.modules.conv.Concat
m_.i: 19, m_.f: -1, m_.type: ultralytics.nn.modules.block.C3k2
m_.i: 20, m_.f: -1, m_.type: ultralytics.nn.modules.conv.Conv
m_.i: 21, m_.f: [-1, 10], m_.type: ultralytics.nn.modules.conv.Concat
m_.i: 22, m_.f: -1, m_.type: ultralytics.nn.modules.block.C3k2
f: [16, 19, 22], ch: [16, 32, 64, 64, 128, 128, 128, 256, 256, 256, 256, 256, 384, 128, 128, 256, 64, 64, 192, 128, 128, 384, 256]
m_.i: 23, m_.f: [16, 19, 22], m_.type: ultralytics.nn.modules.head.Detect
New https://pypi.org/project/ultralytics/8.3.29 available 😃 Update with 'pip install -U ultralytics'
Ultralytics 8.3.6 🚀 Python-3.11.10 torch-2.5.0+cu124 CUDA:0 (Tesla V100-SXM2-32GB, 32494MiB)
[34m[1mengine/trainer: [0mtask=detect, mode=train, model=./ultralytics/cfg/models/11/yolo11.yaml, data=/home/tsw96d/YOLOComparision/FLIR_v2.yaml, epochs=200, time=None, patience=100, batch=64, imgsz=640, save=True, save_period=-1, cache=False, device=None, workers=8, project=../outputs/training, name=MobleNet42, exist_ok=False, pretrained=True, optimizer=auto, verbose=True, seed=0, deterministic=True, single_cls=False, rect=False, cos_lr=False, close_mosaic=10, resume=False, amp=True, fraction=1.0, profile=False, freeze=None, multi_scale=False, overlap_mask=True, mask_ratio=4, dropout=0.0, val=True, split=val, save_json=False, save_hybrid=False, conf=None, iou=0.7, max_det=300, half=False, dnn=False, plots=True, source=None, vid_stride=1, stream_buffer=False, visualize=False, augment=False, agnostic_nms=False, classes=None, retina_masks=False, embed=None, show=False, save_frames=False, save_txt=False, save_conf=False, save_crop=False, show_labels=True, show_conf=True, show_boxes=True, line_width=None, format=torchscript, keras=False, optimize=False, int8=False, dynamic=False, simplify=True, opset=None, workspace=4, nms=False, lr0=0.01, lrf=0.01, momentum=0.937, weight_decay=0.0005, warmup_epochs=3.0, warmup_momentum=0.8, warmup_bias_lr=0.1, box=7.5, cls=0.5, dfl=1.5, pose=12.0, kobj=1.0, label_smoothing=0.0, nbs=64, hsv_h=0.015, hsv_s=0.7, hsv_v=0.4, degrees=0.0, translate=0.1, scale=0.5, shear=0.0, perspective=0.0, flipud=0.0, fliplr=0.5, bgr=0.0, mosaic=1.0, mixup=0.0, copy_paste=0.0, copy_paste_mode=flip, auto_augment=randaugment, erasing=0.4, crop_fraction=1.0, cfg=None, tracker=botsort.yaml, save_dir=../outputs/training/MobleNet42
Overriding model.yaml nc=80 with nc=10
WARNING ⚠️ no model scale passed. Assuming scale='n'.

                   from  n    params  module                                       arguments                     
m_.i: 0, m_.f: -1, m_.type: ultralytics.nn.modules.conv.Conv
  0                  -1  1       464  ultralytics.nn.modules.conv.Conv             [3, 16, 3, 2]                 
m_.i: 1, m_.f: -1, m_.type: ultralytics.nn.modules.conv.Conv
  1                  -1  1      4672  ultralytics.nn.modules.conv.Conv             [16, 32, 3, 2]                
m_.i: 2, m_.f: -1, m_.type: ultralytics.nn.modules.block.C3k2
  2                  -1  1      6640  ultralytics.nn.modules.block.C3k2            [32, 64, 1, False, 0.25]      
m_.i: 3, m_.f: -1, m_.type: ultralytics.nn.modules.conv.Conv
  3                  -1  1     36992  ultralytics.nn.modules.conv.Conv             [64, 64, 3, 2]                
m_.i: 4, m_.f: -1, m_.type: ultralytics.nn.modules.block.C3k2
  4                  -1  1     26080  ultralytics.nn.modules.block.C3k2            [64, 128, 1, False, 0.25]     
m_.i: 5, m_.f: -1, m_.type: ultralytics.nn.modules.conv.Conv
  5                  -1  1    147712  ultralytics.nn.modules.conv.Conv             [128, 128, 3, 2]              
m_.i: 6, m_.f: -1, m_.type: ultralytics.nn.modules.block.C3k2
  6                  -1  1     87040  ultralytics.nn.modules.block.C3k2            [128, 128, 1, True]           
m_.i: 7, m_.f: -1, m_.type: ultralytics.nn.modules.conv.Conv
  7                  -1  1    295424  ultralytics.nn.modules.conv.Conv             [128, 256, 3, 2]              
m_.i: 8, m_.f: -1, m_.type: ultralytics.nn.modules.block.C3k2
  8                  -1  1    346112  ultralytics.nn.modules.block.C3k2            [256, 256, 1, True]           
m_.i: 9, m_.f: -1, m_.type: ultralytics.nn.modules.block.SPPF
  9                  -1  1    164608  ultralytics.nn.modules.block.SPPF            [256, 256, 5]                 
m_.i: 10, m_.f: -1, m_.type: ultralytics.nn.modules.block.C2PSA
 10                  -1  1    249728  ultralytics.nn.modules.block.C2PSA           [256, 256, 1]                 
m_.i: 11, m_.f: -1, m_.type: torch.nn.modules.upsampling.Upsample
 11                  -1  1         0  torch.nn.modules.upsampling.Upsample         [None, 2, 'nearest']          
m_.i: 12, m_.f: [-1, 6], m_.type: ultralytics.nn.modules.conv.Concat
 12             [-1, 6]  1         0  ultralytics.nn.modules.conv.Concat           [1]                           
m_.i: 13, m_.f: -1, m_.type: ultralytics.nn.modules.block.C3k2
 13                  -1  1    111296  ultralytics.nn.modules.block.C3k2            [384, 128, 1, False]          
m_.i: 14, m_.f: -1, m_.type: torch.nn.modules.upsampling.Upsample
 14                  -1  1         0  torch.nn.modules.upsampling.Upsample         [None, 2, 'nearest']          
m_.i: 15, m_.f: [-1, 4], m_.type: ultralytics.nn.modules.conv.Concat
 15             [-1, 4]  1         0  ultralytics.nn.modules.conv.Concat           [1]                           
m_.i: 16, m_.f: -1, m_.type: ultralytics.nn.modules.block.C3k2
 16                  -1  1     32096  ultralytics.nn.modules.block.C3k2            [256, 64, 1, False]           
m_.i: 17, m_.f: -1, m_.type: ultralytics.nn.modules.conv.Conv
 17                  -1  1     36992  ultralytics.nn.modules.conv.Conv             [64, 64, 3, 2]                
m_.i: 18, m_.f: [-1, 13], m_.type: ultralytics.nn.modules.conv.Concat
 18            [-1, 13]  1         0  ultralytics.nn.modules.conv.Concat           [1]                           
m_.i: 19, m_.f: -1, m_.type: ultralytics.nn.modules.block.C3k2
 19                  -1  1     86720  ultralytics.nn.modules.block.C3k2            [192, 128, 1, False]          
m_.i: 20, m_.f: -1, m_.type: ultralytics.nn.modules.conv.Conv
 20                  -1  1    147712  ultralytics.nn.modules.conv.Conv             [128, 128, 3, 2]              
m_.i: 21, m_.f: [-1, 10], m_.type: ultralytics.nn.modules.conv.Concat
 21            [-1, 10]  1         0  ultralytics.nn.modules.conv.Concat           [1]                           
m_.i: 22, m_.f: -1, m_.type: ultralytics.nn.modules.block.C3k2
 22                  -1  1    378880  ultralytics.nn.modules.block.C3k2            [384, 256, 1, True]           
f: [16, 19, 22], ch: [16, 32, 64, 64, 128, 128, 128, 256, 256, 256, 256, 256, 384, 128, 128, 256, 64, 64, 192, 128, 128, 384, 256]
m_.i: 23, m_.f: [16, 19, 22], m_.type: ultralytics.nn.modules.head.Detect
 23        [16, 19, 22]  1    432622  ultralytics.nn.modules.head.Detect           [10, [64, 128, 256]]          
YOLO11 summary: 319 layers, 2,591,790 parameters, 2,591,774 gradients, 6.5 GFLOPs

Freezing layer 'model.23.dfl.conv.weight'
[34m[1mAMP: [0mrunning Automatic Mixed Precision (AMP) checks with YOLO11n...
Traceback (most recent call last):
  File "/home/tsw96d/YOLOComparision/YOLO_thermal_small/test.py", line 7, in <module>
    results = model.train(data="/home/tsw96d/YOLOComparision/FLIR_v2.yaml", epochs=200, batch=64, project="../outputs/training", name = "MobleNet4") 
              ^^^^^^^^^^^^^^^^^^^^^^^^^^^^^^^^^^^^^^^^^^^^^^^^^^^^^^^^^^^^^^^^^^^^^^^^^^^^^^^^^^^^^^^^^^^^^^^^^^^^^^^^^^^^^^^^^^^^^^^^^^^^^^^^^^^^^^
  File "/home/tsw96d/YOLOComparision/YOLO_thermal_small/ultralytics/engine/model.py", line 802, in train
    self.trainer.train()
  File "/home/tsw96d/YOLOComparision/YOLO_thermal_small/ultralytics/engine/trainer.py", line 207, in train
    self._do_train(world_size)
  File "/home/tsw96d/YOLOComparision/YOLO_thermal_small/ultralytics/engine/trainer.py", line 327, in _do_train
    self._setup_train(world_size)
  File "/home/tsw96d/YOLOComparision/YOLO_thermal_small/ultralytics/engine/trainer.py", line 264, in _setup_train
    self.amp = torch.tensor(check_amp(self.model), device=self.device)
                            ^^^^^^^^^^^^^^^^^^^^^
  File "/home/tsw96d/YOLOComparision/YOLO_thermal_small/ultralytics/utils/checks.py", line 690, in check_amp
    assert amp_allclose(YOLO("yolo11n.pt"), im)
           ^^^^^^^^^^^^^^^^^^^^^^^^^^^^^^^^^^^^
  File "/home/tsw96d/YOLOComparision/YOLO_thermal_small/ultralytics/utils/checks.py", line 677, in amp_allclose
    a = m(batch, imgsz=imgsz, device=device, verbose=False)[0].boxes.data  # FP32 inference
        ^^^^^^^^^^^^^^^^^^^^^^^^^^^^^^^^^^^^^^^^^^^^^^^^^^^
  File "/home/tsw96d/YOLOComparision/YOLO_thermal_small/ultralytics/engine/model.py", line 176, in __call__
    return self.predict(source, stream, **kwargs)
           ^^^^^^^^^^^^^^^^^^^^^^^^^^^^^^^^^^^^^^
  File "/home/tsw96d/YOLOComparision/YOLO_thermal_small/ultralytics/engine/model.py", line 554, in predict
    return self.predictor.predict_cli(source=source) if is_cli else self.predictor(source=source, stream=stream)
                                                                    ^^^^^^^^^^^^^^^^^^^^^^^^^^^^^^^^^^^^^^^^^^^^
  File "/home/tsw96d/YOLOComparision/YOLO_thermal_small/ultralytics/engine/predictor.py", line 168, in __call__
    return list(self.stream_inference(source, model, *args, **kwargs))  # merge list of Result into one
           ^^^^^^^^^^^^^^^^^^^^^^^^^^^^^^^^^^^^^^^^^^^^^^^^^^^^^^^^^^^
  File "/home/tsw96d/.conda/envs/YOLO/lib/python3.11/site-packages/torch/utils/_contextlib.py", line 36, in generator_context
    response = gen.send(None)
               ^^^^^^^^^^^^^^
  File "/home/tsw96d/YOLOComparision/YOLO_thermal_small/ultralytics/engine/predictor.py", line 226, in stream_inference
    self.setup_source(source if source is not None else self.args.source)
  File "/home/tsw96d/YOLOComparision/YOLO_thermal_small/ultralytics/engine/predictor.py", line 198, in setup_source
    self.dataset = load_inference_source(
                   ^^^^^^^^^^^^^^^^^^^^^^
  File "/home/tsw96d/YOLOComparision/YOLO_thermal_small/ultralytics/data/build.py", line 187, in load_inference_source
    source, stream, screenshot, from_img, in_memory, tensor = check_source(source)
                                                              ^^^^^^^^^^^^^^^^^^^^
  File "/home/tsw96d/YOLOComparision/YOLO_thermal_small/ultralytics/data/build.py", line 162, in check_source
    source = autocast_list(source)  # convert all list elements to PIL or np arrays
             ^^^^^^^^^^^^^^^^^^^^^
  File "/home/tsw96d/YOLOComparision/YOLO_thermal_small/ultralytics/data/loaders.py", line 514, in autocast_list
    files.append(Image.open(requests.get(im, stream=True).raw if str(im).startswith("http") else im))
                 ^^^^^^^^^^^^^^^^^^^^^^^^^^^^^^^^^^^^^^^^^^^^^^^^^^^^^^^^^^^^^^^^^^^^^^^^^^^^^^^^^^^
  File "/home/tsw96d/.conda/envs/YOLO/lib/python3.11/site-packages/PIL/Image.py", line 3469, in open
    fp = builtins.open(filename, "rb")
         ^^^^^^^^^^^^^^^^^^^^^^^^^^^^^
FileNotFoundError: [Errno 2] No such file or directory: '/home/tsw96d/YOLOComparision/YOLO_thermal_small/ultralytics/assets/bus.jpg'
